{"C:\\Users\\PC\\Desktop\\rest-countries-api-ts\\src\\helpers\\getCountries.ts": {"path":"C:\\Users\\PC\\Desktop\\rest-countries-api-ts\\src\\helpers\\getCountries.ts","all":false,"statementMap":{"0":{"start":{"line":1,"column":0},"end":{"line":1,"column":56}},"1":{"start":{"line":2,"column":0},"end":{"line":2,"column":0}},"2":{"start":{"line":3,"column":0},"end":{"line":3,"column":57}},"3":{"start":{"line":4,"column":0},"end":{"line":4,"column":68}},"4":{"start":{"line":5,"column":0},"end":{"line":5,"column":0}},"5":{"start":{"line":6,"column":0},"end":{"line":6,"column":36}},"6":{"start":{"line":7,"column":0},"end":{"line":7,"column":53}},"7":{"start":{"line":8,"column":0},"end":{"line":8,"column":2}},"8":{"start":{"line":9,"column":0},"end":{"line":9,"column":30}},"9":{"start":{"line":10,"column":0},"end":{"line":10,"column":2}},"10":{"start":{"line":11,"column":0},"end":{"line":11,"column":14}},"11":{"start":{"line":12,"column":0},"end":{"line":12,"column":1}}},"s":{"0":1,"1":1,"2":1,"3":1,"4":1,"5":1,"6":1,"7":1,"8":1,"9":1,"10":1,"11":1},"branchMap":{"0":{"type":"branch","line":3,"loc":{"start":{"line":3,"column":28},"end":{"line":12,"column":1}},"locations":[{"start":{"line":3,"column":28},"end":{"line":12,"column":1}}]},"1":{"type":"branch","line":9,"loc":{"start":{"line":9,"column":19},"end":{"line":9,"column":30}},"locations":[{"start":{"line":9,"column":19},"end":{"line":9,"column":30}}]}},"b":{"0":[1],"1":[0]},"fnMap":{"0":{"name":"getCountries","decl":{"start":{"line":3,"column":28},"end":{"line":12,"column":1}},"loc":{"start":{"line":3,"column":28},"end":{"line":12,"column":1}},"line":3}},"f":{"0":1}}
,"C:\\Users\\PC\\Desktop\\rest-countries-api-ts\\src\\mocks\\handlers.ts": {"path":"C:\\Users\\PC\\Desktop\\rest-countries-api-ts\\src\\mocks\\handlers.ts","all":false,"statementMap":{"0":{"start":{"line":1,"column":0},"end":{"line":1,"column":41}},"1":{"start":{"line":2,"column":0},"end":{"line":2,"column":58}},"2":{"start":{"line":3,"column":0},"end":{"line":3,"column":1}},"3":{"start":{"line":4,"column":0},"end":{"line":4,"column":25}},"4":{"start":{"line":5,"column":0},"end":{"line":5,"column":56}},"5":{"start":{"line":6,"column":0},"end":{"line":6,"column":50}},"6":{"start":{"line":7,"column":0},"end":{"line":7,"column":5}},"7":{"start":{"line":8,"column":0},"end":{"line":8,"column":1}}},"s":{"0":1,"1":1,"2":1,"3":1,"4":1,"5":1,"6":1,"7":1},"branchMap":{"0":{"type":"branch","line":5,"loc":{"start":{"line":5,"column":49},"end":{"line":7,"column":3}},"locations":[{"start":{"line":5,"column":49},"end":{"line":7,"column":3}}]}},"b":{"0":[1]},"fnMap":{},"f":{}}
,"C:\\Users\\PC\\Desktop\\rest-countries-api-ts\\src\\mocks\\server.ts": {"path":"C:\\Users\\PC\\Desktop\\rest-countries-api-ts\\src\\mocks\\server.ts","all":false,"statementMap":{"0":{"start":{"line":1,"column":0},"end":{"line":1,"column":38}},"1":{"start":{"line":2,"column":0},"end":{"line":2,"column":37}},"2":{"start":{"line":3,"column":0},"end":{"line":3,"column":1}},"3":{"start":{"line":4,"column":0},"end":{"line":4,"column":47}}},"s":{"0":1,"1":1,"2":1,"3":1},"branchMap":{},"b":{},"fnMap":{},"f":{}}
}
